<?xml version="1.0" encoding="UTF-8"?>
<!-- Generated by org.testng.reporters.JUnitReportReporter -->
<testsuite skipped="0" hostname="DESKTOP-4F08SV1" name="com.testcases.AddProductPriceTest" tests="1" failures="0" timestamp="02 Jun 2021 13:33:34 GMT" time="0.028" errors="0">
  <testcase name="verifyPrice" time="0.028" classname="com.testcases.AddProductPriceTest"/>
</testsuite> <!-- com.testcases.AddProductPriceTest -->
